mode: set
github.com/cloudnativego/cfmgo/params/params.go:41.51,48.2 6 0
github.com/cloudnativego/cfmgo/params/params.go:50.58,57.2 6 0
github.com/cloudnativego/cfmgo/params/params.go:62.43,64.2 1 0
github.com/cloudnativego/cfmgo/params/params.go:69.40,71.2 1 0
github.com/cloudnativego/cfmgo/params/params.go:75.37,77.2 1 0
github.com/cloudnativego/cfmgo/params/params.go:81.38,83.2 1 0
github.com/cloudnativego/cfmgo/params/params.go:85.41,86.31 1 0
github.com/cloudnativego/cfmgo/params/params.go:93.2,93.8 1 0
github.com/cloudnativego/cfmgo/params/params.go:86.31,87.67 1 0
github.com/cloudnativego/cfmgo/params/params.go:87.67,88.12 1 0
github.com/cloudnativego/cfmgo/params/params.go:89.4,91.4 1 0
github.com/cloudnativego/cfmgo/params/params.go:96.38,98.16 2 0
github.com/cloudnativego/cfmgo/params/params.go:104.2,104.8 1 0
github.com/cloudnativego/cfmgo/params/params.go:98.16,100.24 2 0
github.com/cloudnativego/cfmgo/params/params.go:100.24,102.4 1 0
github.com/cloudnativego/cfmgo/params/params.go:107.38,109.16 2 0
github.com/cloudnativego/cfmgo/params/params.go:115.2,115.8 1 0
github.com/cloudnativego/cfmgo/params/params.go:109.16,111.17 2 0
github.com/cloudnativego/cfmgo/params/params.go:111.17,113.4 1 0
github.com/cloudnativego/cfmgo/params/params.go:118.39,120.16 2 0
github.com/cloudnativego/cfmgo/params/params.go:126.2,126.8 1 0
github.com/cloudnativego/cfmgo/params/params.go:120.16,122.17 2 0
github.com/cloudnativego/cfmgo/params/params.go:122.17,124.4 1 0
